<test-run id="2" testcasecount="61" result="Passed" start-time="2026-02-16 15:26:54.008639" end-time="2026-02-16 15:26:54.218262" duration="0" total="61" passed="58" failed="0" inconclusive="0" skipped="3" asserts="0" clr-version="3.13.9 (v3.13.9:8183fa5e3f7, Oct 14 2025, 10:27:13) [Clang 16.0.0 (clang-1600.0.26.6)]" engine-version="3.6.2"><command-line>/Library/Frameworks/Python.framework/Versions/3.13/lib/python3.13/site-packages/pytest/__main__.py tests/ -x -q</command-line><filter><test re="0">tests/</test></filter><test-suite id="tests/test_auth_utils.py::TestPasswordHashing" name="tests/test_auth_utils.py::TestPasswordHashing" fullname="tests/test_auth_utils.py::TestPasswordHashing" methodname="" classname="" runstate="Runnable" type="Assembly" testcasecount="3" result="Passed" label="" start-time="2026-02-16 15:26:54.157764" end-time="2026-02-16 15:26:54.158271" duration="0.000507" asserts="0" total="3" passed="0" failed="0" warnings="0" inconclusive="0" skipped="3"><properties><property name="python_version" value="3.13.9 (v3.13.9:8183fa5e3f7, Oct 14 2025, 10:27:13) [Clang 16.0.0 (clang-1600.0.26.6)]" /></properties><test-case id="100" name="tests/test_auth_utils.py::TestPasswordHashing::test_hash_and_verify" fullname="tests/test_auth_utils.py::TestPasswordHashing::test_hash_and_verify" methodname="test_hash_and_verify" classname="TestPasswordHashing" runstate="Skipped" seed="1" result="Skipped" label="" start-time="2026-02-16 15:26:54.157764" end-time="2026-02-16 15:26:54.157884" duration="0" asserts="0"><properties><property name="python-version" value="3.13.9 (v3.13.9:8183fa5e3f7, Oct 14 2025, 10:27:13) [Clang 16.0.0 (clang-1600.0.26.6)]" /><property name="fspath" value="tests/test_auth_utils.py" /></properties><environment framework-version="3.6.2" clr-version="3.13.9 (v3.13.9:8183fa5e3f7, Oct 14 2025, 10:27:13) [Clang 16.0.0 (clang-1600.0.26.6)]" os-version="25.2.0" platform="Darwin" cwd="/Users/arunachalam/smartai/AIStockAnalyst" machine-name="arm64" user="" user-domain="" culture="C" uiculture="C" os-architecture="64bit" /><failure><message><![CDATA[Skipped: passlib bcrypt incompatible with Python 3.13+]]></message><stack-trace><![CDATA[/Users/arunachalam/smartai/AIStockAnalyst/tests/test_auth_utils.py::17]]></stack-trace></failure><reason><message><![CDATA[]]></message></reason><output><![CDATA[]]></output></test-case><test-case id="101" name="tests/test_auth_utils.py::TestPasswordHashing::test_wrong_password_fails" fullname="tests/test_auth_utils.py::TestPasswordHashing::test_wrong_password_fails" methodname="test_wrong_password_fails" classname="TestPasswordHashing" runstate="Skipped" seed="1" result="Skipped" label="" start-time="2026-02-16 15:26:54.158034" end-time="2026-02-16 15:26:54.158101" duration="0" asserts="0"><properties><property name="python-version" value="3.13.9 (v3.13.9:8183fa5e3f7, Oct 14 2025, 10:27:13) [Clang 16.0.0 (clang-1600.0.26.6)]" /><property name="fspath" value="tests/test_auth_utils.py" /></properties><environment framework-version="3.6.2" clr-version="3.13.9 (v3.13.9:8183fa5e3f7, Oct 14 2025, 10:27:13) [Clang 16.0.0 (clang-1600.0.26.6)]" os-version="25.2.0" platform="Darwin" cwd="/Users/arunachalam/smartai/AIStockAnalyst" machine-name="arm64" user="" user-domain="" culture="C" uiculture="C" os-architecture="64bit" /><failure><message><![CDATA[Skipped: passlib bcrypt incompatible with Python 3.13+]]></message><stack-trace><![CDATA[/Users/arunachalam/smartai/AIStockAnalyst/tests/test_auth_utils.py::24]]></stack-trace></failure><reason><message><![CDATA[]]></message></reason><output><![CDATA[]]></output></test-case><test-case id="102" name="tests/test_auth_utils.py::TestPasswordHashing::test_hash_is_unique" fullname="tests/test_auth_utils.py::TestPasswordHashing::test_hash_is_unique" methodname="test_hash_is_unique" classname="TestPasswordHashing" runstate="Skipped" seed="1" result="Skipped" label="" start-time="2026-02-16 15:26:54.158216" end-time="2026-02-16 15:26:54.158271" duration="0" asserts="0"><properties><property name="python-version" value="3.13.9 (v3.13.9:8183fa5e3f7, Oct 14 2025, 10:27:13) [Clang 16.0.0 (clang-1600.0.26.6)]" /><property name="fspath" value="tests/test_auth_utils.py" /></properties><environment framework-version="3.6.2" clr-version="3.13.9 (v3.13.9:8183fa5e3f7, Oct 14 2025, 10:27:13) [Clang 16.0.0 (clang-1600.0.26.6)]" os-version="25.2.0" platform="Darwin" cwd="/Users/arunachalam/smartai/AIStockAnalyst" machine-name="arm64" user="" user-domain="" culture="C" uiculture="C" os-architecture="64bit" /><failure><message><![CDATA[Skipped: passlib bcrypt incompatible with Python 3.13+]]></message><stack-trace><![CDATA[/Users/arunachalam/smartai/AIStockAnalyst/tests/test_auth_utils.py::29]]></stack-trace></failure><reason><message><![CDATA[]]></message></reason><output><![CDATA[]]></output></test-case><environment framework-version="3.6.2" clr-version="3.13.9 (v3.13.9:8183fa5e3f7, Oct 14 2025, 10:27:13) [Clang 16.0.0 (clang-1600.0.26.6)]" os-version="25.2.0" platform="Darwin" cwd="/Users/arunachalam/smartai/AIStockAnalyst" machine-name="arm64" user="" user-domain="" culture="C" uiculture="C" os-architecture="64bit" /></test-suite><test-suite id="tests/test_config.py::TestGlobalConfigDefaults" name="tests/test_config.py::TestGlobalConfigDefaults" fullname="tests/test_config.py::TestGlobalConfigDefaults" methodname="" classname="" runstate="Runnable" type="Assembly" testcasecount="11" result="Passed" label="Ensure all default values are sane." start-time="2026-02-16 15:26:54.172288" end-time="2026-02-16 15:26:54.208464" duration="0.036176" asserts="0" total="11" passed="11" failed="0" warnings="0" inconclusive="0" skipped="0"><properties><property name="python_version" value="3.13.9 (v3.13.9:8183fa5e3f7, Oct 14 2025, 10:27:13) [Clang 16.0.0 (clang-1600.0.26.6)]" /></properties><test-case id="109" name="tests/test_config.py::TestGlobalConfigDefaults::test_platform_name" fullname="tests/test_config.py::TestGlobalConfigDefaults::test_platform_name" methodname="test_platform_name" classname="TestGlobalConfigDefaults" runstate="Runnable" seed="1" result="Passed" label="" start-time="2026-02-16 15:26:54.172288" end-time="2026-02-16 15:26:54.175561" duration="0.003273" asserts="0"><properties><property name="python-version" value="3.13.9 (v3.13.9:8183fa5e3f7, Oct 14 2025, 10:27:13) [Clang 16.0.0 (clang-1600.0.26.6)]" /><property name="fspath" value="tests/test_config.py" /></properties><environment framework-version="3.6.2" clr-version="3.13.9 (v3.13.9:8183fa5e3f7, Oct 14 2025, 10:27:13) [Clang 16.0.0 (clang-1600.0.26.6)]" os-version="25.2.0" platform="Darwin" cwd="/Users/arunachalam/smartai/AIStockAnalyst" machine-name="arm64" user="" user-domain="" culture="C" uiculture="C" os-architecture="64bit" /><failure><message><![CDATA[]]></message><stack-trace><![CDATA[None]]></stack-trace></failure><reason><message><![CDATA[]]></message></reason><output><![CDATA[]]></output></test-case><test-case id="110" name="tests/test_config.py::TestGlobalConfigDefaults::test_environment_default" fullname="tests/test_config.py::TestGlobalConfigDefaults::test_environment_default" methodname="test_environment_default" classname="TestGlobalConfigDefaults" runstate="Runnable" seed="1" result="Passed" label="" start-time="2026-02-16 15:26:54.175687" end-time="2026-02-16 15:26:54.179193" duration="0.003506" asserts="0"><properties><property name="python-version" value="3.13.9 (v3.13.9:8183fa5e3f7, Oct 14 2025, 10:27:13) [Clang 16.0.0 (clang-1600.0.26.6)]" /><property name="fspath" value="tests/test_config.py" /></properties><environment framework-version="3.6.2" clr-version="3.13.9 (v3.13.9:8183fa5e3f7, Oct 14 2025, 10:27:13) [Clang 16.0.0 (clang-1600.0.26.6)]" os-version="25.2.0" platform="Darwin" cwd="/Users/arunachalam/smartai/AIStockAnalyst" machine-name="arm64" user="" user-domain="" culture="C" uiculture="C" os-architecture="64bit" /><failure><message><![CDATA[]]></message><stack-trace><![CDATA[None]]></stack-trace></failure><reason><message><![CDATA[]]></message></reason><output><![CDATA[]]></output></test-case><test-case id="111" name="tests/test_config.py::TestGlobalConfigDefaults::test_debug_default" fullname="tests/test_config.py::TestGlobalConfigDefaults::test_debug_default" methodname="test_debug_default" classname="TestGlobalConfigDefaults" runstate="Runnable" seed="1" result="Passed" label="" start-time="2026-02-16 15:26:54.179316" end-time="2026-02-16 15:26:54.182383" duration="0.003067" asserts="0"><properties><property name="python-version" value="3.13.9 (v3.13.9:8183fa5e3f7, Oct 14 2025, 10:27:13) [Clang 16.0.0 (clang-1600.0.26.6)]" /><property name="fspath" value="tests/test_config.py" /></properties><environment framework-version="3.6.2" clr-version="3.13.9 (v3.13.9:8183fa5e3f7, Oct 14 2025, 10:27:13) [Clang 16.0.0 (clang-1600.0.26.6)]" os-version="25.2.0" platform="Darwin" cwd="/Users/arunachalam/smartai/AIStockAnalyst" machine-name="arm64" user="" user-domain="" culture="C" uiculture="C" os-architecture="64bit" /><failure><message><![CDATA[]]></message><stack-trace><![CDATA[None]]></stack-trace></failure><reason><message><![CDATA[]]></message></reason><output><![CDATA[]]></output></test-case><test-case id="112" name="tests/test_config.py::TestGlobalConfigDefaults::test_jwt_defaults" fullname="tests/test_config.py::TestGlobalConfigDefaults::test_jwt_defaults" methodname="test_jwt_defaults" classname="TestGlobalConfigDefaults" runstate="Runnable" seed="1" result="Passed" label="" start-time="2026-02-16 15:26:54.182484" end-time="2026-02-16 15:26:54.185406" duration="0.002922" asserts="0"><properties><property name="python-version" value="3.13.9 (v3.13.9:8183fa5e3f7, Oct 14 2025, 10:27:13) [Clang 16.0.0 (clang-1600.0.26.6)]" /><property name="fspath" value="tests/test_config.py" /></properties><environment framework-version="3.6.2" clr-version="3.13.9 (v3.13.9:8183fa5e3f7, Oct 14 2025, 10:27:13) [Clang 16.0.0 (clang-1600.0.26.6)]" os-version="25.2.0" platform="Darwin" cwd="/Users/arunachalam/smartai/AIStockAnalyst" machine-name="arm64" user="" user-domain="" culture="C" uiculture="C" os-architecture="64bit" /><failure><message><![CDATA[]]></message><stack-trace><![CDATA[None]]></stack-trace></failure><reason><message><![CDATA[]]></message></reason><output><![CDATA[]]></output></test-case><test-case id="113" name="tests/test_config.py::TestGlobalConfigDefaults::test_recommendation_thresholds" fullname="tests/test_config.py::TestGlobalConfigDefaults::test_recommendation_thresholds" methodname="test_recommendation_thresholds" classname="TestGlobalConfigDefaults" runstate="Runnable" seed="1" result="Passed" label="" start-time="2026-02-16 15:26:54.185498" end-time="2026-02-16 15:26:54.188883" duration="0.003385" asserts="0"><properties><property name="python-version" value="3.13.9 (v3.13.9:8183fa5e3f7, Oct 14 2025, 10:27:13) [Clang 16.0.0 (clang-1600.0.26.6)]" /><property name="fspath" value="tests/test_config.py" /></properties><environment framework-version="3.6.2" clr-version="3.13.9 (v3.13.9:8183fa5e3f7, Oct 14 2025, 10:27:13) [Clang 16.0.0 (clang-1600.0.26.6)]" os-version="25.2.0" platform="Darwin" cwd="/Users/arunachalam/smartai/AIStockAnalyst" machine-name="arm64" user="" user-domain="" culture="C" uiculture="C" os-architecture="64bit" /><failure><message><![CDATA[]]></message><stack-trace><![CDATA[None]]></stack-trace></failure><reason><message><![CDATA[]]></message></reason><output><![CDATA[]]></output></test-case><test-case id="114" name="tests/test_config.py::TestGlobalConfigDefaults::test_scoring_weights_sum_to_one" fullname="tests/test_config.py::TestGlobalConfigDefaults::test_scoring_weights_sum_to_one" methodname="test_scoring_weights_sum_to_one" classname="TestGlobalConfigDefaults" runstate="Runnable" seed="1" result="Passed" label="" start-time="2026-02-16 15:26:54.189029" end-time="2026-02-16 15:26:54.192051" duration="0.003022" asserts="0"><properties><property name="python-version" value="3.13.9 (v3.13.9:8183fa5e3f7, Oct 14 2025, 10:27:13) [Clang 16.0.0 (clang-1600.0.26.6)]" /><property name="fspath" value="tests/test_config.py" /></properties><environment framework-version="3.6.2" clr-version="3.13.9 (v3.13.9:8183fa5e3f7, Oct 14 2025, 10:27:13) [Clang 16.0.0 (clang-1600.0.26.6)]" os-version="25.2.0" platform="Darwin" cwd="/Users/arunachalam/smartai/AIStockAnalyst" machine-name="arm64" user="" user-domain="" culture="C" uiculture="C" os-architecture="64bit" /><failure><message><![CDATA[]]></message><stack-trace><![CDATA[None]]></stack-trace></failure><reason><message><![CDATA[]]></message></reason><output><![CDATA[]]></output></test-case><test-case id="115" name="tests/test_config.py::TestGlobalConfigDefaults::test_vix_thresholds_ordered" fullname="tests/test_config.py::TestGlobalConfigDefaults::test_vix_thresholds_ordered" methodname="test_vix_thresholds_ordered" classname="TestGlobalConfigDefaults" runstate="Runnable" seed="1" result="Passed" label="" start-time="2026-02-16 15:26:54.192154" end-time="2026-02-16 15:26:54.195526" duration="0.003372" asserts="0"><properties><property name="python-version" value="3.13.9 (v3.13.9:8183fa5e3f7, Oct 14 2025, 10:27:13) [Clang 16.0.0 (clang-1600.0.26.6)]" /><property name="fspath" value="tests/test_config.py" /></properties><environment framework-version="3.6.2" clr-version="3.13.9 (v3.13.9:8183fa5e3f7, Oct 14 2025, 10:27:13) [Clang 16.0.0 (clang-1600.0.26.6)]" os-version="25.2.0" platform="Darwin" cwd="/Users/arunachalam/smartai/AIStockAnalyst" machine-name="arm64" user="" user-domain="" culture="C" uiculture="C" os-architecture="64bit" /><failure><message><![CDATA[]]></message><stack-trace><![CDATA[None]]></stack-trace></failure><reason><message><![CDATA[]]></message></reason><output><![CDATA[]]></output></test-case><test-case id="116" name="tests/test_config.py::TestGlobalConfigDefaults::test_rsi_thresholds_ordered" fullname="tests/test_config.py::TestGlobalConfigDefaults::test_rsi_thresholds_ordered" methodname="test_rsi_thresholds_ordered" classname="TestGlobalConfigDefaults" runstate="Runnable" seed="1" result="Passed" label="" start-time="2026-02-16 15:26:54.195662" end-time="2026-02-16 15:26:54.198683" duration="0.003021" asserts="0"><properties><property name="python-version" value="3.13.9 (v3.13.9:8183fa5e3f7, Oct 14 2025, 10:27:13) [Clang 16.0.0 (clang-1600.0.26.6)]" /><property name="fspath" value="tests/test_config.py" /></properties><environment framework-version="3.6.2" clr-version="3.13.9 (v3.13.9:8183fa5e3f7, Oct 14 2025, 10:27:13) [Clang 16.0.0 (clang-1600.0.26.6)]" os-version="25.2.0" platform="Darwin" cwd="/Users/arunachalam/smartai/AIStockAnalyst" machine-name="arm64" user="" user-domain="" culture="C" uiculture="C" os-architecture="64bit" /><failure><message><![CDATA[]]></message><stack-trace><![CDATA[None]]></stack-trace></failure><reason><message><![CDATA[]]></message></reason><output><![CDATA[]]></output></test-case><test-case id="117" name="tests/test_config.py::TestGlobalConfigDefaults::test_service_ports_unique" fullname="tests/test_config.py::TestGlobalConfigDefaults::test_service_ports_unique" methodname="test_service_ports_unique" classname="TestGlobalConfigDefaults" runstate="Runnable" seed="1" result="Passed" label="" start-time="2026-02-16 15:26:54.198788" end-time="2026-02-16 15:26:54.201829" duration="0.003041" asserts="0"><properties><property name="python-version" value="3.13.9 (v3.13.9:8183fa5e3f7, Oct 14 2025, 10:27:13) [Clang 16.0.0 (clang-1600.0.26.6)]" /><property name="fspath" value="tests/test_config.py" /></properties><environment framework-version="3.6.2" clr-version="3.13.9 (v3.13.9:8183fa5e3f7, Oct 14 2025, 10:27:13) [Clang 16.0.0 (clang-1600.0.26.6)]" os-version="25.2.0" platform="Darwin" cwd="/Users/arunachalam/smartai/AIStockAnalyst" machine-name="arm64" user="" user-domain="" culture="C" uiculture="C" os-architecture="64bit" /><failure><message><![CDATA[]]></message><stack-trace><![CDATA[None]]></stack-trace></failure><reason><message><![CDATA[]]></message></reason><output><![CDATA[]]></output></test-case><test-case id="118" name="tests/test_config.py::TestGlobalConfigDefaults::test_env_override" fullname="tests/test_config.py::TestGlobalConfigDefaults::test_env_override" methodname="test_env_override" classname="TestGlobalConfigDefaults" runstate="Runnable" seed="1" result="Passed" label="" start-time="2026-02-16 15:26:54.202016" end-time="2026-02-16 15:26:54.205282" duration="0.003266" asserts="0"><properties><property name="python-version" value="3.13.9 (v3.13.9:8183fa5e3f7, Oct 14 2025, 10:27:13) [Clang 16.0.0 (clang-1600.0.26.6)]" /><property name="fspath" value="tests/test_config.py" /></properties><environment framework-version="3.6.2" clr-version="3.13.9 (v3.13.9:8183fa5e3f7, Oct 14 2025, 10:27:13) [Clang 16.0.0 (clang-1600.0.26.6)]" os-version="25.2.0" platform="Darwin" cwd="/Users/arunachalam/smartai/AIStockAnalyst" machine-name="arm64" user="" user-domain="" culture="C" uiculture="C" os-architecture="64bit" /><failure><message><![CDATA[]]></message><stack-trace><![CDATA[None]]></stack-trace></failure><reason><message><![CDATA[]]></message></reason><output><![CDATA[]]></output></test-case><test-case id="119" name="tests/test_config.py::TestGlobalConfigDefaults::test_optional_fields_default_none" fullname="tests/test_config.py::TestGlobalConfigDefaults::test_optional_fields_default_none" methodname="test_optional_fields_default_none" classname="TestGlobalConfigDefaults" runstate="Runnable" seed="1" result="Passed" label="" start-time="2026-02-16 15:26:54.205398" end-time="2026-02-16 15:26:54.208464" duration="0.003066" asserts="0"><properties><property name="python-version" value="3.13.9 (v3.13.9:8183fa5e3f7, Oct 14 2025, 10:27:13) [Clang 16.0.0 (clang-1600.0.26.6)]" /><property name="fspath" value="tests/test_config.py" /></properties><environment framework-version="3.6.2" clr-version="3.13.9 (v3.13.9:8183fa5e3f7, Oct 14 2025, 10:27:13) [Clang 16.0.0 (clang-1600.0.26.6)]" os-version="25.2.0" platform="Darwin" cwd="/Users/arunachalam/smartai/AIStockAnalyst" machine-name="arm64" user="" user-domain="" culture="C" uiculture="C" os-architecture="64bit" /><failure><message><![CDATA[]]></message><stack-trace><![CDATA[None]]></stack-trace></failure><reason><message><![CDATA[]]></message></reason><output><![CDATA[]]></output></test-case><environment framework-version="3.6.2" clr-version="3.13.9 (v3.13.9:8183fa5e3f7, Oct 14 2025, 10:27:13) [Clang 16.0.0 (clang-1600.0.26.6)]" os-version="25.2.0" platform="Darwin" cwd="/Users/arunachalam/smartai/AIStockAnalyst" machine-name="arm64" user="" user-domain="" culture="C" uiculture="C" os-architecture="64bit" /></test-suite><test-suite id="tests/test_models.py::TestPortfolioModel" name="tests/test_models.py::TestPortfolioModel" fullname="tests/test_models.py::TestPortfolioModel" methodname="" classname="" runstate="Runnable" type="Assembly" testcasecount="2" result="Passed" label="" start-time="2026-02-16 15:26:54.214495" end-time="2026-02-16 15:26:54.214784" duration="0.000289" asserts="0" total="2" passed="2" failed="0" warnings="0" inconclusive="0" skipped="0"><properties><property name="python_version" value="3.13.9 (v3.13.9:8183fa5e3f7, Oct 14 2025, 10:27:13) [Clang 16.0.0 (clang-1600.0.26.6)]" /></properties><test-case id="146" name="tests/test_models.py::TestPortfolioModel::test_default_portfolio" fullname="tests/test_models.py::TestPortfolioModel::test_default_portfolio" methodname="test_default_portfolio" classname="TestPortfolioModel" runstate="Runnable" seed="1" result="Passed" label="" start-time="2026-02-16 15:26:54.214495" end-time="2026-02-16 15:26:54.214603" duration="0.000108" asserts="0"><properties><property name="python-version" value="3.13.9 (v3.13.9:8183fa5e3f7, Oct 14 2025, 10:27:13) [Clang 16.0.0 (clang-1600.0.26.6)]" /><property name="fspath" value="tests/test_models.py" /></properties><environment framework-version="3.6.2" clr-version="3.13.9 (v3.13.9:8183fa5e3f7, Oct 14 2025, 10:27:13) [Clang 16.0.0 (clang-1600.0.26.6)]" os-version="25.2.0" platform="Darwin" cwd="/Users/arunachalam/smartai/AIStockAnalyst" machine-name="arm64" user="" user-domain="" culture="C" uiculture="C" os-architecture="64bit" /><failure><message><![CDATA[]]></message><stack-trace><![CDATA[None]]></stack-trace></failure><reason><message><![CDATA[]]></message></reason><output><![CDATA[]]></output></test-case><test-case id="147" name="tests/test_models.py::TestPortfolioModel::test_portfolio_with_balance" fullname="tests/test_models.py::TestPortfolioModel::test_portfolio_with_balance" methodname="test_portfolio_with_balance" classname="TestPortfolioModel" runstate="Runnable" seed="1" result="Passed" label="" start-time="2026-02-16 15:26:54.214680" end-time="2026-02-16 15:26:54.214784" duration="0.000104" asserts="0"><properties><property name="python-version" value="3.13.9 (v3.13.9:8183fa5e3f7, Oct 14 2025, 10:27:13) [Clang 16.0.0 (clang-1600.0.26.6)]" /><property name="fspath" value="tests/test_models.py" /></properties><environment framework-version="3.6.2" clr-version="3.13.9 (v3.13.9:8183fa5e3f7, Oct 14 2025, 10:27:13) [Clang 16.0.0 (clang-1600.0.26.6)]" os-version="25.2.0" platform="Darwin" cwd="/Users/arunachalam/smartai/AIStockAnalyst" machine-name="arm64" user="" user-domain="" culture="C" uiculture="C" os-architecture="64bit" /><failure><message><![CDATA[]]></message><stack-trace><![CDATA[None]]></stack-trace></failure><reason><message><![CDATA[]]></message></reason><output><![CDATA[]]></output></test-case><environment framework-version="3.6.2" clr-version="3.13.9 (v3.13.9:8183fa5e3f7, Oct 14 2025, 10:27:13) [Clang 16.0.0 (clang-1600.0.26.6)]" os-version="25.2.0" platform="Darwin" cwd="/Users/arunachalam/smartai/AIStockAnalyst" machine-name="arm64" user="" user-domain="" culture="C" uiculture="C" os-architecture="64bit" /></test-suite><test-suite id="tests/test_level_calculator.py::TestLevelCalculatorDown" name="tests/test_level_calculator.py::TestLevelCalculatorDown" fullname="tests/test_level_calculator.py::TestLevelCalculatorDown" methodname="" classname="" runstate="Runnable" type="Assembly" testcasecount="3" result="Passed" label="Tests for DOWN (SHORT) direction." start-time="2026-02-16 15:26:54.209989" end-time="2026-02-16 15:26:54.210516" duration="0.000527" asserts="0" total="3" passed="3" failed="0" warnings="0" inconclusive="0" skipped="0"><properties><property name="python_version" value="3.13.9 (v3.13.9:8183fa5e3f7, Oct 14 2025, 10:27:13) [Clang 16.0.0 (clang-1600.0.26.6)]" /></properties><test-case id="126" name="tests/test_level_calculator.py::TestLevelCalculatorDown::test_basic_down" fullname="tests/test_level_calculator.py::TestLevelCalculatorDown::test_basic_down" methodname="test_basic_down" classname="TestLevelCalculatorDown" runstate="Runnable" seed="1" result="Passed" label="" start-time="2026-02-16 15:26:54.209989" end-time="2026-02-16 15:26:54.210103" duration="0.000114" asserts="0"><properties><property name="python-version" value="3.13.9 (v3.13.9:8183fa5e3f7, Oct 14 2025, 10:27:13) [Clang 16.0.0 (clang-1600.0.26.6)]" /><property name="fspath" value="tests/test_level_calculator.py" /></properties><environment framework-version="3.6.2" clr-version="3.13.9 (v3.13.9:8183fa5e3f7, Oct 14 2025, 10:27:13) [Clang 16.0.0 (clang-1600.0.26.6)]" os-version="25.2.0" platform="Darwin" cwd="/Users/arunachalam/smartai/AIStockAnalyst" machine-name="arm64" user="" user-domain="" culture="C" uiculture="C" os-architecture="64bit" /><failure><message><![CDATA[]]></message><stack-trace><![CDATA[None]]></stack-trace></failure><reason><message><![CDATA[]]></message></reason><output><![CDATA[]]></output></test-case><test-case id="127" name="tests/test_level_calculator.py::TestLevelCalculatorDown::test_rr_ratio_at_least_2_down" fullname="tests/test_level_calculator.py::TestLevelCalculatorDown::test_rr_ratio_at_least_2_down" methodname="test_rr_ratio_at_least_2_down" classname="TestLevelCalculatorDown" runstate="Runnable" seed="1" result="Passed" label="" start-time="2026-02-16 15:26:54.210196" end-time="2026-02-16 15:26:54.210302" duration="0.000106" asserts="0"><properties><property name="python-version" value="3.13.9 (v3.13.9:8183fa5e3f7, Oct 14 2025, 10:27:13) [Clang 16.0.0 (clang-1600.0.26.6)]" /><property name="fspath" value="tests/test_level_calculator.py" /></properties><environment framework-version="3.6.2" clr-version="3.13.9 (v3.13.9:8183fa5e3f7, Oct 14 2025, 10:27:13) [Clang 16.0.0 (clang-1600.0.26.6)]" os-version="25.2.0" platform="Darwin" cwd="/Users/arunachalam/smartai/AIStockAnalyst" machine-name="arm64" user="" user-domain="" culture="C" uiculture="C" os-architecture="64bit" /><failure><message><![CDATA[]]></message><stack-trace><![CDATA[None]]></stack-trace></failure><reason><message><![CDATA[]]></message></reason><output><![CDATA[]]></output></test-case><test-case id="128" name="tests/test_level_calculator.py::TestLevelCalculatorDown::test_stop_loss_above_entry" fullname="tests/test_level_calculator.py::TestLevelCalculatorDown::test_stop_loss_above_entry" methodname="test_stop_loss_above_entry" classname="TestLevelCalculatorDown" runstate="Runnable" seed="1" result="Passed" label="" start-time="2026-02-16 15:26:54.210402" end-time="2026-02-16 15:26:54.210516" duration="0.000114" asserts="0"><properties><property name="python-version" value="3.13.9 (v3.13.9:8183fa5e3f7, Oct 14 2025, 10:27:13) [Clang 16.0.0 (clang-1600.0.26.6)]" /><property name="fspath" value="tests/test_level_calculator.py" /></properties><environment framework-version="3.6.2" clr-version="3.13.9 (v3.13.9:8183fa5e3f7, Oct 14 2025, 10:27:13) [Clang 16.0.0 (clang-1600.0.26.6)]" os-version="25.2.0" platform="Darwin" cwd="/Users/arunachalam/smartai/AIStockAnalyst" machine-name="arm64" user="" user-domain="" culture="C" uiculture="C" os-architecture="64bit" /><failure><message><![CDATA[]]></message><stack-trace><![CDATA[None]]></stack-trace></failure><reason><message><![CDATA[]]></message></reason><output><![CDATA[]]></output></test-case><environment framework-version="3.6.2" clr-version="3.13.9 (v3.13.9:8183fa5e3f7, Oct 14 2025, 10:27:13) [Clang 16.0.0 (clang-1600.0.26.6)]" os-version="25.2.0" platform="Darwin" cwd="/Users/arunachalam/smartai/AIStockAnalyst" machine-name="arm64" user="" user-domain="" culture="C" uiculture="C" os-architecture="64bit" /></test-suite><test-suite id="tests/test_level_calculator.py::TestLevelCalculatorEdgeCases" name="tests/test_level_calculator.py::TestLevelCalculatorEdgeCases" fullname="tests/test_level_calculator.py::TestLevelCalculatorEdgeCases" methodname="" classname="" runstate="Runnable" type="Assembly" testcasecount="5" result="Passed" label="" start-time="2026-02-16 15:26:54.210609" end-time="2026-02-16 15:26:54.211921" duration="0.001312" asserts="0" total="5" passed="5" failed="0" warnings="0" inconclusive="0" skipped="0"><properties><property name="python_version" value="3.13.9 (v3.13.9:8183fa5e3f7, Oct 14 2025, 10:27:13) [Clang 16.0.0 (clang-1600.0.26.6)]" /></properties><test-case id="129" name="tests/test_level_calculator.py::TestLevelCalculatorEdgeCases::test_zero_atr_returns_none" fullname="tests/test_level_calculator.py::TestLevelCalculatorEdgeCases::test_zero_atr_returns_none" methodname="test_zero_atr_returns_none" classname="TestLevelCalculatorEdgeCases" runstate="Runnable" seed="1" result="Passed" label="" start-time="2026-02-16 15:26:54.210609" end-time="2026-02-16 15:26:54.210761" duration="0.000152" asserts="0"><properties><property name="python-version" value="3.13.9 (v3.13.9:8183fa5e3f7, Oct 14 2025, 10:27:13) [Clang 16.0.0 (clang-1600.0.26.6)]" /><property name="fspath" value="tests/test_level_calculator.py" /></properties><environment framework-version="3.6.2" clr-version="3.13.9 (v3.13.9:8183fa5e3f7, Oct 14 2025, 10:27:13) [Clang 16.0.0 (clang-1600.0.26.6)]" os-version="25.2.0" platform="Darwin" cwd="/Users/arunachalam/smartai/AIStockAnalyst" machine-name="arm64" user="" user-domain="" culture="C" uiculture="C" os-architecture="64bit" /><failure><message><![CDATA[]]></message><stack-trace><![CDATA[None]]></stack-trace></failure><reason><message><![CDATA[]]></message></reason><output><![CDATA[]]></output></test-case><test-case id="130" name="tests/test_level_calculator.py::TestLevelCalculatorEdgeCases::test_negative_atr_returns_none" fullname="tests/test_level_calculator.py::TestLevelCalculatorEdgeCases::test_negative_atr_returns_none" methodname="test_negative_atr_returns_none" classname="TestLevelCalculatorEdgeCases" runstate="Runnable" seed="1" result="Passed" label="" start-time="2026-02-16 15:26:54.211052" end-time="2026-02-16 15:26:54.211241" duration="0.000189" asserts="0"><properties><property name="python-version" value="3.13.9 (v3.13.9:8183fa5e3f7, Oct 14 2025, 10:27:13) [Clang 16.0.0 (clang-1600.0.26.6)]" /><property name="fspath" value="tests/test_level_calculator.py" /></properties><environment framework-version="3.6.2" clr-version="3.13.9 (v3.13.9:8183fa5e3f7, Oct 14 2025, 10:27:13) [Clang 16.0.0 (clang-1600.0.26.6)]" os-version="25.2.0" platform="Darwin" cwd="/Users/arunachalam/smartai/AIStockAnalyst" machine-name="arm64" user="" user-domain="" culture="C" uiculture="C" os-architecture="64bit" /><failure><message><![CDATA[]]></message><stack-trace><![CDATA[None]]></stack-trace></failure><reason><message><![CDATA[]]></message></reason><output><![CDATA[]]></output></test-case><test-case id="131" name="tests/test_level_calculator.py::TestLevelCalculatorEdgeCases::test_invalid_direction_returns_none" fullname="tests/test_level_calculator.py::TestLevelCalculatorEdgeCases::test_invalid_direction_returns_none" methodname="test_invalid_direction_returns_none" classname="TestLevelCalculatorEdgeCases" runstate="Runnable" seed="1" result="Passed" label="" start-time="2026-02-16 15:26:54.211375" end-time="2026-02-16 15:26:54.211498" duration="0.000123" asserts="0"><properties><property name="python-version" value="3.13.9 (v3.13.9:8183fa5e3f7, Oct 14 2025, 10:27:13) [Clang 16.0.0 (clang-1600.0.26.6)]" /><property name="fspath" value="tests/test_level_calculator.py" /></properties><environment framework-version="3.6.2" clr-version="3.13.9 (v3.13.9:8183fa5e3f7, Oct 14 2025, 10:27:13) [Clang 16.0.0 (clang-1600.0.26.6)]" os-version="25.2.0" platform="Darwin" cwd="/Users/arunachalam/smartai/AIStockAnalyst" machine-name="arm64" user="" user-domain="" culture="C" uiculture="C" os-architecture="64bit" /><failure><message><![CDATA[]]></message><stack-trace><![CDATA[None]]></stack-trace></failure><reason><message><![CDATA[]]></message></reason><output><![CDATA[]]></output></test-case><test-case id="132" name="tests/test_level_calculator.py::TestLevelCalculatorEdgeCases::test_case_insensitive_direction" fullname="tests/test_level_calculator.py::TestLevelCalculatorEdgeCases::test_case_insensitive_direction" methodname="test_case_insensitive_direction" classname="TestLevelCalculatorEdgeCases" runstate="Runnable" seed="1" result="Passed" label="" start-time="2026-02-16 15:26:54.211599" end-time="2026-02-16 15:26:54.211710" duration="0.000111" asserts="0"><properties><property name="python-version" value="3.13.9 (v3.13.9:8183fa5e3f7, Oct 14 2025, 10:27:13) [Clang 16.0.0 (clang-1600.0.26.6)]" /><property name="fspath" value="tests/test_level_calculator.py" /></properties><environment framework-version="3.6.2" clr-version="3.13.9 (v3.13.9:8183fa5e3f7, Oct 14 2025, 10:27:13) [Clang 16.0.0 (clang-1600.0.26.6)]" os-version="25.2.0" platform="Darwin" cwd="/Users/arunachalam/smartai/AIStockAnalyst" machine-name="arm64" user="" user-domain="" culture="C" uiculture="C" os-architecture="64bit" /><failure><message><![CDATA[]]></message><stack-trace><![CDATA[None]]></stack-trace></failure><reason><message><![CDATA[]]></message></reason><output><![CDATA[]]></output></test-case><test-case id="133" name="tests/test_level_calculator.py::TestLevelCalculatorEdgeCases::test_symmetry" fullname="tests/test_level_calculator.py::TestLevelCalculatorEdgeCases::test_symmetry" methodname="test_symmetry" classname="TestLevelCalculatorEdgeCases" runstate="Runnable" seed="1" result="Passed" label="UP and DOWN with same params should produce symmetric risk:reward." start-time="2026-02-16 15:26:54.211805" end-time="2026-02-16 15:26:54.211921" duration="0.000116" asserts="0"><properties><property name="python-version" value="3.13.9 (v3.13.9:8183fa5e3f7, Oct 14 2025, 10:27:13) [Clang 16.0.0 (clang-1600.0.26.6)]" /><property name="fspath" value="tests/test_level_calculator.py" /></properties><environment framework-version="3.6.2" clr-version="3.13.9 (v3.13.9:8183fa5e3f7, Oct 14 2025, 10:27:13) [Clang 16.0.0 (clang-1600.0.26.6)]" os-version="25.2.0" platform="Darwin" cwd="/Users/arunachalam/smartai/AIStockAnalyst" machine-name="arm64" user="" user-domain="" culture="C" uiculture="C" os-architecture="64bit" /><failure><message><![CDATA[]]></message><stack-trace><![CDATA[None]]></stack-trace></failure><reason><message><![CDATA[]]></message></reason><output><![CDATA[]]></output></test-case><environment framework-version="3.6.2" clr-version="3.13.9 (v3.13.9:8183fa5e3f7, Oct 14 2025, 10:27:13) [Clang 16.0.0 (clang-1600.0.26.6)]" os-version="25.2.0" platform="Darwin" cwd="/Users/arunachalam/smartai/AIStockAnalyst" machine-name="arm64" user="" user-domain="" culture="C" uiculture="C" os-architecture="64bit" /></test-suite><test-suite id="tests/test_models.py::TestSignalModel" name="tests/test_models.py::TestSignalModel" fullname="tests/test_models.py::TestSignalModel" methodname="" classname="" runstate="Runnable" type="Assembly" testcasecount="3" result="Passed" label="" start-time="2026-02-16 15:26:54.212804" end-time="2026-02-16 15:26:54.213316" duration="0.000512" asserts="0" total="3" passed="3" failed="0" warnings="0" inconclusive="0" skipped="0"><properties><property name="python_version" value="3.13.9 (v3.13.9:8183fa5e3f7, Oct 14 2025, 10:27:13) [Clang 16.0.0 (clang-1600.0.26.6)]" /></properties><test-case id="138" name="tests/test_models.py::TestSignalModel::test_minimal_signal" fullname="tests/test_models.py::TestSignalModel::test_minimal_signal" methodname="test_minimal_signal" classname="TestSignalModel" runstate="Runnable" seed="1" result="Passed" label="" start-time="2026-02-16 15:26:54.212804" end-time="2026-02-16 15:26:54.212930" duration="0.000126" asserts="0"><properties><property name="python-version" value="3.13.9 (v3.13.9:8183fa5e3f7, Oct 14 2025, 10:27:13) [Clang 16.0.0 (clang-1600.0.26.6)]" /><property name="fspath" value="tests/test_models.py" /></properties><environment framework-version="3.6.2" clr-version="3.13.9 (v3.13.9:8183fa5e3f7, Oct 14 2025, 10:27:13) [Clang 16.0.0 (clang-1600.0.26.6)]" os-version="25.2.0" platform="Darwin" cwd="/Users/arunachalam/smartai/AIStockAnalyst" machine-name="arm64" user="" user-domain="" culture="C" uiculture="C" os-architecture="64bit" /><failure><message><![CDATA[]]></message><stack-trace><![CDATA[None]]></stack-trace></failure><reason><message><![CDATA[]]></message></reason><output><![CDATA[]]></output></test-case><test-case id="139" name="tests/test_models.py::TestSignalModel::test_signal_with_metadata" fullname="tests/test_models.py::TestSignalModel::test_signal_with_metadata" methodname="test_signal_with_metadata" classname="TestSignalModel" runstate="Runnable" seed="1" result="Passed" label="" start-time="2026-02-16 15:26:54.213015" end-time="2026-02-16 15:26:54.213123" duration="0.000108" asserts="0"><properties><property name="python-version" value="3.13.9 (v3.13.9:8183fa5e3f7, Oct 14 2025, 10:27:13) [Clang 16.0.0 (clang-1600.0.26.6)]" /><property name="fspath" value="tests/test_models.py" /></properties><environment framework-version="3.6.2" clr-version="3.13.9 (v3.13.9:8183fa5e3f7, Oct 14 2025, 10:27:13) [Clang 16.0.0 (clang-1600.0.26.6)]" os-version="25.2.0" platform="Darwin" cwd="/Users/arunachalam/smartai/AIStockAnalyst" machine-name="arm64" user="" user-domain="" culture="C" uiculture="C" os-architecture="64bit" /><failure><message><![CDATA[]]></message><stack-trace><![CDATA[None]]></stack-trace></failure><reason><message><![CDATA[]]></message></reason><output><![CDATA[]]></output></test-case><test-case id="140" name="tests/test_models.py::TestSignalModel::test_signal_timestamp_auto" fullname="tests/test_models.py::TestSignalModel::test_signal_timestamp_auto" methodname="test_signal_timestamp_auto" classname="TestSignalModel" runstate="Runnable" seed="1" result="Passed" label="" start-time="2026-02-16 15:26:54.213204" end-time="2026-02-16 15:26:54.213316" duration="0.000112" asserts="0"><properties><property name="python-version" value="3.13.9 (v3.13.9:8183fa5e3f7, Oct 14 2025, 10:27:13) [Clang 16.0.0 (clang-1600.0.26.6)]" /><property name="fspath" value="tests/test_models.py" /></properties><environment framework-version="3.6.2" clr-version="3.13.9 (v3.13.9:8183fa5e3f7, Oct 14 2025, 10:27:13) [Clang 16.0.0 (clang-1600.0.26.6)]" os-version="25.2.0" platform="Darwin" cwd="/Users/arunachalam/smartai/AIStockAnalyst" machine-name="arm64" user="" user-domain="" culture="C" uiculture="C" os-architecture="64bit" /><failure><message><![CDATA[]]></message><stack-trace><![CDATA[None]]></stack-trace></failure><reason><message><![CDATA[]]></message></reason><output><![CDATA[]]></output></test-case><environment framework-version="3.6.2" clr-version="3.13.9 (v3.13.9:8183fa5e3f7, Oct 14 2025, 10:27:13) [Clang 16.0.0 (clang-1600.0.26.6)]" os-version="25.2.0" platform="Darwin" cwd="/Users/arunachalam/smartai/AIStockAnalyst" machine-name="arm64" user="" user-domain="" culture="C" uiculture="C" os-architecture="64bit" /></test-suite><test-suite id="tests/test_auth_utils.py::TestJWT" name="tests/test_auth_utils.py::TestJWT" fullname="tests/test_auth_utils.py::TestJWT" methodname="" classname="" runstate="Runnable" type="Assembly" testcasecount="6" result="Passed" label="" start-time="2026-02-16 15:26:54.158422" end-time="2026-02-16 15:26:54.172149" duration="0.013727" asserts="0" total="6" passed="6" failed="0" warnings="0" inconclusive="0" skipped="0"><properties><property name="python_version" value="3.13.9 (v3.13.9:8183fa5e3f7, Oct 14 2025, 10:27:13) [Clang 16.0.0 (clang-1600.0.26.6)]" /></properties><test-case id="103" name="tests/test_auth_utils.py::TestJWT::test_create_and_decode_token" fullname="tests/test_auth_utils.py::TestJWT::test_create_and_decode_token" methodname="test_create_and_decode_token" classname="TestJWT" runstate="Runnable" seed="1" result="Passed" label="" start-time="2026-02-16 15:26:54.158422" end-time="2026-02-16 15:26:54.169717" duration="0.011295" asserts="0"><properties><property name="python-version" value="3.13.9 (v3.13.9:8183fa5e3f7, Oct 14 2025, 10:27:13) [Clang 16.0.0 (clang-1600.0.26.6)]" /><property name="fspath" value="tests/test_auth_utils.py" /></properties><environment framework-version="3.6.2" clr-version="3.13.9 (v3.13.9:8183fa5e3f7, Oct 14 2025, 10:27:13) [Clang 16.0.0 (clang-1600.0.26.6)]" os-version="25.2.0" platform="Darwin" cwd="/Users/arunachalam/smartai/AIStockAnalyst" machine-name="arm64" user="" user-domain="" culture="C" uiculture="C" os-architecture="64bit" /><failure><message><![CDATA[]]></message><stack-trace><![CDATA[None]]></stack-trace></failure><reason><message><![CDATA[]]></message></reason><output><![CDATA[]]></output></test-case><test-case id="104" name="tests/test_auth_utils.py::TestJWT::test_token_with_custom_expiry" fullname="tests/test_auth_utils.py::TestJWT::test_token_with_custom_expiry" methodname="test_token_with_custom_expiry" classname="TestJWT" runstate="Runnable" seed="1" result="Passed" label="" start-time="2026-02-16 15:26:54.170416" end-time="2026-02-16 15:26:54.170699" duration="0.000283" asserts="0"><properties><property name="python-version" value="3.13.9 (v3.13.9:8183fa5e3f7, Oct 14 2025, 10:27:13) [Clang 16.0.0 (clang-1600.0.26.6)]" /><property name="fspath" value="tests/test_auth_utils.py" /></properties><environment framework-version="3.6.2" clr-version="3.13.9 (v3.13.9:8183fa5e3f7, Oct 14 2025, 10:27:13) [Clang 16.0.0 (clang-1600.0.26.6)]" os-version="25.2.0" platform="Darwin" cwd="/Users/arunachalam/smartai/AIStockAnalyst" machine-name="arm64" user="" user-domain="" culture="C" uiculture="C" os-architecture="64bit" /><failure><message><![CDATA[]]></message><stack-trace><![CDATA[None]]></stack-trace></failure><reason><message><![CDATA[]]></message></reason><output><![CDATA[]]></output></test-case><test-case id="105" name="tests/test_auth_utils.py::TestJWT::test_invalid_token_returns_none" fullname="tests/test_auth_utils.py::TestJWT::test_invalid_token_returns_none" methodname="test_invalid_token_returns_none" classname="TestJWT" runstate="Runnable" seed="1" result="Passed" label="" start-time="2026-02-16 15:26:54.170824" end-time="2026-02-16 15:26:54.170983" duration="0.000159" asserts="0"><properties><property name="python-version" value="3.13.9 (v3.13.9:8183fa5e3f7, Oct 14 2025, 10:27:13) [Clang 16.0.0 (clang-1600.0.26.6)]" /><property name="fspath" value="tests/test_auth_utils.py" /></properties><environment framework-version="3.6.2" clr-version="3.13.9 (v3.13.9:8183fa5e3f7, Oct 14 2025, 10:27:13) [Clang 16.0.0 (clang-1600.0.26.6)]" os-version="25.2.0" platform="Darwin" cwd="/Users/arunachalam/smartai/AIStockAnalyst" machine-name="arm64" user="" user-domain="" culture="C" uiculture="C" os-architecture="64bit" /><failure><message><![CDATA[]]></message><stack-trace><![CDATA[None]]></stack-trace></failure><reason><message><![CDATA[]]></message></reason><output><![CDATA[]]></output></test-case><test-case id="106" name="tests/test_auth_utils.py::TestJWT::test_tampered_token_returns_none" fullname="tests/test_auth_utils.py::TestJWT::test_tampered_token_returns_none" methodname="test_tampered_token_returns_none" classname="TestJWT" runstate="Runnable" seed="1" result="Passed" label="" start-time="2026-02-16 15:26:54.171095" end-time="2026-02-16 15:26:54.171622" duration="0.000527" asserts="0"><properties><property name="python-version" value="3.13.9 (v3.13.9:8183fa5e3f7, Oct 14 2025, 10:27:13) [Clang 16.0.0 (clang-1600.0.26.6)]" /><property name="fspath" value="tests/test_auth_utils.py" /></properties><environment framework-version="3.6.2" clr-version="3.13.9 (v3.13.9:8183fa5e3f7, Oct 14 2025, 10:27:13) [Clang 16.0.0 (clang-1600.0.26.6)]" os-version="25.2.0" platform="Darwin" cwd="/Users/arunachalam/smartai/AIStockAnalyst" machine-name="arm64" user="" user-domain="" culture="C" uiculture="C" os-architecture="64bit" /><failure><message><![CDATA[]]></message><stack-trace><![CDATA[None]]></stack-trace></failure><reason><message><![CDATA[]]></message></reason><output><![CDATA[]]></output></test-case><test-case id="107" name="tests/test_auth_utils.py::TestJWT::test_token_contains_exp_claim" fullname="tests/test_auth_utils.py::TestJWT::test_token_contains_exp_claim" methodname="test_token_contains_exp_claim" classname="TestJWT" runstate="Runnable" seed="1" result="Passed" label="" start-time="2026-02-16 15:26:54.171723" end-time="2026-02-16 15:26:54.171895" duration="0.000172" asserts="0"><properties><property name="python-version" value="3.13.9 (v3.13.9:8183fa5e3f7, Oct 14 2025, 10:27:13) [Clang 16.0.0 (clang-1600.0.26.6)]" /><property name="fspath" value="tests/test_auth_utils.py" /></properties><environment framework-version="3.6.2" clr-version="3.13.9 (v3.13.9:8183fa5e3f7, Oct 14 2025, 10:27:13) [Clang 16.0.0 (clang-1600.0.26.6)]" os-version="25.2.0" platform="Darwin" cwd="/Users/arunachalam/smartai/AIStockAnalyst" machine-name="arm64" user="" user-domain="" culture="C" uiculture="C" os-architecture="64bit" /><failure><message><![CDATA[]]></message><stack-trace><![CDATA[None]]></stack-trace></failure><reason><message><![CDATA[]]></message></reason><output><![CDATA[]]></output></test-case><test-case id="108" name="tests/test_auth_utils.py::TestJWT::test_empty_payload" fullname="tests/test_auth_utils.py::TestJWT::test_empty_payload" methodname="test_empty_payload" classname="TestJWT" runstate="Runnable" seed="1" result="Passed" label="" start-time="2026-02-16 15:26:54.171990" end-time="2026-02-16 15:26:54.172149" duration="0.000159" asserts="0"><properties><property name="python-version" value="3.13.9 (v3.13.9:8183fa5e3f7, Oct 14 2025, 10:27:13) [Clang 16.0.0 (clang-1600.0.26.6)]" /><property name="fspath" value="tests/test_auth_utils.py" /></properties><environment framework-version="3.6.2" clr-version="3.13.9 (v3.13.9:8183fa5e3f7, Oct 14 2025, 10:27:13) [Clang 16.0.0 (clang-1600.0.26.6)]" os-version="25.2.0" platform="Darwin" cwd="/Users/arunachalam/smartai/AIStockAnalyst" machine-name="arm64" user="" user-domain="" culture="C" uiculture="C" os-architecture="64bit" /><failure><message><![CDATA[]]></message><stack-trace><![CDATA[None]]></stack-trace></failure><reason><message><![CDATA[]]></message></reason><output><![CDATA[]]></output></test-case><environment framework-version="3.6.2" clr-version="3.13.9 (v3.13.9:8183fa5e3f7, Oct 14 2025, 10:27:13) [Clang 16.0.0 (clang-1600.0.26.6)]" os-version="25.2.0" platform="Darwin" cwd="/Users/arunachalam/smartai/AIStockAnalyst" machine-name="arm64" user="" user-domain="" culture="C" uiculture="C" os-architecture="64bit" /></test-suite><test-suite id="tests/test_schemas.py::TestSentimentAnalysisOutput" name="tests/test_schemas.py::TestSentimentAnalysisOutput" fullname="tests/test_schemas.py::TestSentimentAnalysisOutput" methodname="" classname="" runstate="Runnable" type="Assembly" testcasecount="4" result="Passed" label="" start-time="2026-02-16 15:26:54.216019" end-time="2026-02-16 15:26:54.216771" duration="0.000752" asserts="0" total="4" passed="4" failed="0" warnings="0" inconclusive="0" skipped="0"><properties><property name="python_version" value="3.13.9 (v3.13.9:8183fa5e3f7, Oct 14 2025, 10:27:13) [Clang 16.0.0 (clang-1600.0.26.6)]" /></properties><test-case id="152" name="tests/test_schemas.py::TestSentimentAnalysisOutput::test_valid_sentiment" fullname="tests/test_schemas.py::TestSentimentAnalysisOutput::test_valid_sentiment" methodname="test_valid_sentiment" classname="TestSentimentAnalysisOutput" runstate="Runnable" seed="1" result="Passed" label="" start-time="2026-02-16 15:26:54.216019" end-time="2026-02-16 15:26:54.216136" duration="0.000117" asserts="0"><properties><property name="python-version" value="3.13.9 (v3.13.9:8183fa5e3f7, Oct 14 2025, 10:27:13) [Clang 16.0.0 (clang-1600.0.26.6)]" /><property name="fspath" value="tests/test_schemas.py" /></properties><environment framework-version="3.6.2" clr-version="3.13.9 (v3.13.9:8183fa5e3f7, Oct 14 2025, 10:27:13) [Clang 16.0.0 (clang-1600.0.26.6)]" os-version="25.2.0" platform="Darwin" cwd="/Users/arunachalam/smartai/AIStockAnalyst" machine-name="arm64" user="" user-domain="" culture="C" uiculture="C" os-architecture="64bit" /><failure><message><![CDATA[]]></message><stack-trace><![CDATA[None]]></stack-trace></failure><reason><message><![CDATA[]]></message></reason><output><![CDATA[]]></output></test-case><test-case id="153" name="tests/test_schemas.py::TestSentimentAnalysisOutput::test_sentiment_score_bounds" fullname="tests/test_schemas.py::TestSentimentAnalysisOutput::test_sentiment_score_bounds" methodname="test_sentiment_score_bounds" classname="TestSentimentAnalysisOutput" runstate="Runnable" seed="1" result="Passed" label="" start-time="2026-02-16 15:26:54.216215" end-time="2026-02-16 15:26:54.216342" duration="0.000127" asserts="0"><properties><property name="python-version" value="3.13.9 (v3.13.9:8183fa5e3f7, Oct 14 2025, 10:27:13) [Clang 16.0.0 (clang-1600.0.26.6)]" /><property name="fspath" value="tests/test_schemas.py" /></properties><environment framework-version="3.6.2" clr-version="3.13.9 (v3.13.9:8183fa5e3f7, Oct 14 2025, 10:27:13) [Clang 16.0.0 (clang-1600.0.26.6)]" os-version="25.2.0" platform="Darwin" cwd="/Users/arunachalam/smartai/AIStockAnalyst" machine-name="arm64" user="" user-domain="" culture="C" uiculture="C" os-architecture="64bit" /><failure><message><![CDATA[]]></message><stack-trace><![CDATA[None]]></stack-trace></failure><reason><message><![CDATA[]]></message></reason><output><![CDATA[]]></output></test-case><test-case id="154" name="tests/test_schemas.py::TestSentimentAnalysisOutput::test_confidence_bounds" fullname="tests/test_schemas.py::TestSentimentAnalysisOutput::test_confidence_bounds" methodname="test_confidence_bounds" classname="TestSentimentAnalysisOutput" runstate="Runnable" seed="1" result="Passed" label="" start-time="2026-02-16 15:26:54.216458" end-time="2026-02-16 15:26:54.216570" duration="0.000112" asserts="0"><properties><property name="python-version" value="3.13.9 (v3.13.9:8183fa5e3f7, Oct 14 2025, 10:27:13) [Clang 16.0.0 (clang-1600.0.26.6)]" /><property name="fspath" value="tests/test_schemas.py" /></properties><environment framework-version="3.6.2" clr-version="3.13.9 (v3.13.9:8183fa5e3f7, Oct 14 2025, 10:27:13) [Clang 16.0.0 (clang-1600.0.26.6)]" os-version="25.2.0" platform="Darwin" cwd="/Users/arunachalam/smartai/AIStockAnalyst" machine-name="arm64" user="" user-domain="" culture="C" uiculture="C" os-architecture="64bit" /><failure><message><![CDATA[]]></message><stack-trace><![CDATA[None]]></stack-trace></failure><reason><message><![CDATA[]]></message></reason><output><![CDATA[]]></output></test-case><test-case id="155" name="tests/test_schemas.py::TestSentimentAnalysisOutput::test_negative_sentiment" fullname="tests/test_schemas.py::TestSentimentAnalysisOutput::test_negative_sentiment" methodname="test_negative_sentiment" classname="TestSentimentAnalysisOutput" runstate="Runnable" seed="1" result="Passed" label="" start-time="2026-02-16 15:26:54.216647" end-time="2026-02-16 15:26:54.216771" duration="0.000124" asserts="0"><properties><property name="python-version" value="3.13.9 (v3.13.9:8183fa5e3f7, Oct 14 2025, 10:27:13) [Clang 16.0.0 (clang-1600.0.26.6)]" /><property name="fspath" value="tests/test_schemas.py" /></properties><environment framework-version="3.6.2" clr-version="3.13.9 (v3.13.9:8183fa5e3f7, Oct 14 2025, 10:27:13) [Clang 16.0.0 (clang-1600.0.26.6)]" os-version="25.2.0" platform="Darwin" cwd="/Users/arunachalam/smartai/AIStockAnalyst" machine-name="arm64" user="" user-domain="" culture="C" uiculture="C" os-architecture="64bit" /><failure><message><![CDATA[]]></message><stack-trace><![CDATA[None]]></stack-trace></failure><reason><message><![CDATA[]]></message></reason><output><![CDATA[]]></output></test-case><environment framework-version="3.6.2" clr-version="3.13.9 (v3.13.9:8183fa5e3f7, Oct 14 2025, 10:27:13) [Clang 16.0.0 (clang-1600.0.26.6)]" os-version="25.2.0" platform="Darwin" cwd="/Users/arunachalam/smartai/AIStockAnalyst" machine-name="arm64" user="" user-domain="" culture="C" uiculture="C" os-architecture="64bit" /></test-suite><test-suite id="tests/test_schemas.py::TestConsensusOutput" name="tests/test_schemas.py::TestConsensusOutput" fullname="tests/test_schemas.py::TestConsensusOutput" methodname="" classname="" runstate="Runnable" type="Assembly" testcasecount="2" result="Passed" label="" start-time="2026-02-16 15:26:54.217876" end-time="2026-02-16 15:26:54.218177" duration="0.000301" asserts="0" total="2" passed="2" failed="0" warnings="0" inconclusive="0" skipped="0"><properties><property name="python_version" value="3.13.9 (v3.13.9:8183fa5e3f7, Oct 14 2025, 10:27:13) [Clang 16.0.0 (clang-1600.0.26.6)]" /></properties><test-case id="159" name="tests/test_schemas.py::TestConsensusOutput::test_valid_consensus" fullname="tests/test_schemas.py::TestConsensusOutput::test_valid_consensus" methodname="test_valid_consensus" classname="TestConsensusOutput" runstate="Runnable" seed="1" result="Passed" label="" start-time="2026-02-16 15:26:54.217876" end-time="2026-02-16 15:26:54.217977" duration="0.000101" asserts="0"><properties><property name="python-version" value="3.13.9 (v3.13.9:8183fa5e3f7, Oct 14 2025, 10:27:13) [Clang 16.0.0 (clang-1600.0.26.6)]" /><property name="fspath" value="tests/test_schemas.py" /></properties><environment framework-version="3.6.2" clr-version="3.13.9 (v3.13.9:8183fa5e3f7, Oct 14 2025, 10:27:13) [Clang 16.0.0 (clang-1600.0.26.6)]" os-version="25.2.0" platform="Darwin" cwd="/Users/arunachalam/smartai/AIStockAnalyst" machine-name="arm64" user="" user-domain="" culture="C" uiculture="C" os-architecture="64bit" /><failure><message><![CDATA[]]></message><stack-trace><![CDATA[None]]></stack-trace></failure><reason><message><![CDATA[]]></message></reason><output><![CDATA[]]></output></test-case><test-case id="160" name="tests/test_schemas.py::TestConsensusOutput::test_empty_individual_outputs" fullname="tests/test_schemas.py::TestConsensusOutput::test_empty_individual_outputs" methodname="test_empty_individual_outputs" classname="TestConsensusOutput" runstate="Runnable" seed="1" result="Passed" label="" start-time="2026-02-16 15:26:54.218053" end-time="2026-02-16 15:26:54.218177" duration="0.000124" asserts="0"><properties><property name="python-version" value="3.13.9 (v3.13.9:8183fa5e3f7, Oct 14 2025, 10:27:13) [Clang 16.0.0 (clang-1600.0.26.6)]" /><property name="fspath" value="tests/test_schemas.py" /></properties><environment framework-version="3.6.2" clr-version="3.13.9 (v3.13.9:8183fa5e3f7, Oct 14 2025, 10:27:13) [Clang 16.0.0 (clang-1600.0.26.6)]" os-version="25.2.0" platform="Darwin" cwd="/Users/arunachalam/smartai/AIStockAnalyst" machine-name="arm64" user="" user-domain="" culture="C" uiculture="C" os-architecture="64bit" /><failure><message><![CDATA[]]></message><stack-trace><![CDATA[None]]></stack-trace></failure><reason><message><![CDATA[]]></message></reason><output><![CDATA[]]></output></test-case><environment framework-version="3.6.2" clr-version="3.13.9 (v3.13.9:8183fa5e3f7, Oct 14 2025, 10:27:13) [Clang 16.0.0 (clang-1600.0.26.6)]" os-version="25.2.0" platform="Darwin" cwd="/Users/arunachalam/smartai/AIStockAnalyst" machine-name="arm64" user="" user-domain="" culture="C" uiculture="C" os-architecture="64bit" /></test-suite><test-suite id="tests/test_schemas.py::TestTradeRationaleOutput" name="tests/test_schemas.py::TestTradeRationaleOutput" fullname="tests/test_schemas.py::TestTradeRationaleOutput" methodname="" classname="" runstate="Runnable" type="Assembly" testcasecount="3" result="Passed" label="" start-time="2026-02-16 15:26:54.216858" end-time="2026-02-16 15:26:54.217798" duration="0.00094" asserts="0" total="3" passed="3" failed="0" warnings="0" inconclusive="0" skipped="0"><properties><property name="python_version" value="3.13.9 (v3.13.9:8183fa5e3f7, Oct 14 2025, 10:27:13) [Clang 16.0.0 (clang-1600.0.26.6)]" /></properties><test-case id="156" name="tests/test_schemas.py::TestTradeRationaleOutput::test_valid_rationale" fullname="tests/test_schemas.py::TestTradeRationaleOutput::test_valid_rationale" methodname="test_valid_rationale" classname="TestTradeRationaleOutput" runstate="Runnable" seed="1" result="Passed" label="" start-time="2026-02-16 15:26:54.216858" end-time="2026-02-16 15:26:54.217386" duration="0.000528" asserts="0"><properties><property name="python-version" value="3.13.9 (v3.13.9:8183fa5e3f7, Oct 14 2025, 10:27:13) [Clang 16.0.0 (clang-1600.0.26.6)]" /><property name="fspath" value="tests/test_schemas.py" /></properties><environment framework-version="3.6.2" clr-version="3.13.9 (v3.13.9:8183fa5e3f7, Oct 14 2025, 10:27:13) [Clang 16.0.0 (clang-1600.0.26.6)]" os-version="25.2.0" platform="Darwin" cwd="/Users/arunachalam/smartai/AIStockAnalyst" machine-name="arm64" user="" user-domain="" culture="C" uiculture="C" os-architecture="64bit" /><failure><message><![CDATA[]]></message><stack-trace><![CDATA[None]]></stack-trace></failure><reason><message><![CDATA[]]></message></reason><output><![CDATA[]]></output></test-case><test-case id="157" name="tests/test_schemas.py::TestTradeRationaleOutput::test_invalid_bias_rejected" fullname="tests/test_schemas.py::TestTradeRationaleOutput::test_invalid_bias_rejected" methodname="test_invalid_bias_rejected" classname="TestTradeRationaleOutput" runstate="Runnable" seed="1" result="Passed" label="" start-time="2026-02-16 15:26:54.217464" end-time="2026-02-16 15:26:54.217594" duration="0.00013" asserts="0"><properties><property name="python-version" value="3.13.9 (v3.13.9:8183fa5e3f7, Oct 14 2025, 10:27:13) [Clang 16.0.0 (clang-1600.0.26.6)]" /><property name="fspath" value="tests/test_schemas.py" /></properties><environment framework-version="3.6.2" clr-version="3.13.9 (v3.13.9:8183fa5e3f7, Oct 14 2025, 10:27:13) [Clang 16.0.0 (clang-1600.0.26.6)]" os-version="25.2.0" platform="Darwin" cwd="/Users/arunachalam/smartai/AIStockAnalyst" machine-name="arm64" user="" user-domain="" culture="C" uiculture="C" os-architecture="64bit" /><failure><message><![CDATA[]]></message><stack-trace><![CDATA[None]]></stack-trace></failure><reason><message><![CDATA[]]></message></reason><output><![CDATA[]]></output></test-case><test-case id="158" name="tests/test_schemas.py::TestTradeRationaleOutput::test_conviction_bounds" fullname="tests/test_schemas.py::TestTradeRationaleOutput::test_conviction_bounds" methodname="test_conviction_bounds" classname="TestTradeRationaleOutput" runstate="Runnable" seed="1" result="Passed" label="" start-time="2026-02-16 15:26:54.217689" end-time="2026-02-16 15:26:54.217798" duration="0.000109" asserts="0"><properties><property name="python-version" value="3.13.9 (v3.13.9:8183fa5e3f7, Oct 14 2025, 10:27:13) [Clang 16.0.0 (clang-1600.0.26.6)]" /><property name="fspath" value="tests/test_schemas.py" /></properties><environment framework-version="3.6.2" clr-version="3.13.9 (v3.13.9:8183fa5e3f7, Oct 14 2025, 10:27:13) [Clang 16.0.0 (clang-1600.0.26.6)]" os-version="25.2.0" platform="Darwin" cwd="/Users/arunachalam/smartai/AIStockAnalyst" machine-name="arm64" user="" user-domain="" culture="C" uiculture="C" os-architecture="64bit" /><failure><message><![CDATA[]]></message><stack-trace><![CDATA[None]]></stack-trace></failure><reason><message><![CDATA[]]></message></reason><output><![CDATA[]]></output></test-case><environment framework-version="3.6.2" clr-version="3.13.9 (v3.13.9:8183fa5e3f7, Oct 14 2025, 10:27:13) [Clang 16.0.0 (clang-1600.0.26.6)]" os-version="25.2.0" platform="Darwin" cwd="/Users/arunachalam/smartai/AIStockAnalyst" machine-name="arm64" user="" user-domain="" culture="C" uiculture="C" os-architecture="64bit" /></test-suite><test-suite id="tests/test_level_calculator.py::TestLevelCalculatorUp" name="tests/test_level_calculator.py::TestLevelCalculatorUp" fullname="tests/test_level_calculator.py::TestLevelCalculatorUp" methodname="" classname="" runstate="Runnable" type="Assembly" testcasecount="6" result="Passed" label="Tests for UP (LONG) direction." start-time="2026-02-16 15:26:54.208658" end-time="2026-02-16 15:26:54.209893" duration="0.001235" asserts="0" total="6" passed="6" failed="0" warnings="0" inconclusive="0" skipped="0"><properties><property name="python_version" value="3.13.9 (v3.13.9:8183fa5e3f7, Oct 14 2025, 10:27:13) [Clang 16.0.0 (clang-1600.0.26.6)]" /></properties><test-case id="120" name="tests/test_level_calculator.py::TestLevelCalculatorUp::test_basic_up" fullname="tests/test_level_calculator.py::TestLevelCalculatorUp::test_basic_up" methodname="test_basic_up" classname="TestLevelCalculatorUp" runstate="Runnable" seed="1" result="Passed" label="" start-time="2026-02-16 15:26:54.208658" end-time="2026-02-16 15:26:54.208791" duration="0.000133" asserts="0"><properties><property name="python-version" value="3.13.9 (v3.13.9:8183fa5e3f7, Oct 14 2025, 10:27:13) [Clang 16.0.0 (clang-1600.0.26.6)]" /><property name="fspath" value="tests/test_level_calculator.py" /></properties><environment framework-version="3.6.2" clr-version="3.13.9 (v3.13.9:8183fa5e3f7, Oct 14 2025, 10:27:13) [Clang 16.0.0 (clang-1600.0.26.6)]" os-version="25.2.0" platform="Darwin" cwd="/Users/arunachalam/smartai/AIStockAnalyst" machine-name="arm64" user="" user-domain="" culture="C" uiculture="C" os-architecture="64bit" /><failure><message><![CDATA[]]></message><stack-trace><![CDATA[None]]></stack-trace></failure><reason><message><![CDATA[]]></message></reason><output><![CDATA[]]></output></test-case><test-case id="121" name="tests/test_level_calculator.py::TestLevelCalculatorUp::test_rr_ratio_at_least_2" fullname="tests/test_level_calculator.py::TestLevelCalculatorUp::test_rr_ratio_at_least_2" methodname="test_rr_ratio_at_least_2" classname="TestLevelCalculatorUp" runstate="Runnable" seed="1" result="Passed" label="" start-time="2026-02-16 15:26:54.208902" end-time="2026-02-16 15:26:54.209019" duration="0.000117" asserts="0"><properties><property name="python-version" value="3.13.9 (v3.13.9:8183fa5e3f7, Oct 14 2025, 10:27:13) [Clang 16.0.0 (clang-1600.0.26.6)]" /><property name="fspath" value="tests/test_level_calculator.py" /></properties><environment framework-version="3.6.2" clr-version="3.13.9 (v3.13.9:8183fa5e3f7, Oct 14 2025, 10:27:13) [Clang 16.0.0 (clang-1600.0.26.6)]" os-version="25.2.0" platform="Darwin" cwd="/Users/arunachalam/smartai/AIStockAnalyst" machine-name="arm64" user="" user-domain="" culture="C" uiculture="C" os-architecture="64bit" /><failure><message><![CDATA[]]></message><stack-trace><![CDATA[None]]></stack-trace></failure><reason><message><![CDATA[]]></message></reason><output><![CDATA[]]></output></test-case><test-case id="122" name="tests/test_level_calculator.py::TestLevelCalculatorUp::test_stop_loss_uses_atr" fullname="tests/test_level_calculator.py::TestLevelCalculatorUp::test_stop_loss_uses_atr" methodname="test_stop_loss_uses_atr" classname="TestLevelCalculatorUp" runstate="Runnable" seed="1" result="Passed" label="" start-time="2026-02-16 15:26:54.209125" end-time="2026-02-16 15:26:54.209271" duration="0.000146" asserts="0"><properties><property name="python-version" value="3.13.9 (v3.13.9:8183fa5e3f7, Oct 14 2025, 10:27:13) [Clang 16.0.0 (clang-1600.0.26.6)]" /><property name="fspath" value="tests/test_level_calculator.py" /></properties><environment framework-version="3.6.2" clr-version="3.13.9 (v3.13.9:8183fa5e3f7, Oct 14 2025, 10:27:13) [Clang 16.0.0 (clang-1600.0.26.6)]" os-version="25.2.0" platform="Darwin" cwd="/Users/arunachalam/smartai/AIStockAnalyst" machine-name="arm64" user="" user-domain="" culture="C" uiculture="C" os-architecture="64bit" /><failure><message><![CDATA[]]></message><stack-trace><![CDATA[None]]></stack-trace></failure><reason><message><![CDATA[]]></message></reason><output><![CDATA[]]></output></test-case><test-case id="123" name="tests/test_level_calculator.py::TestLevelCalculatorUp::test_vix_widens_levels" fullname="tests/test_level_calculator.py::TestLevelCalculatorUp::test_vix_widens_levels" methodname="test_vix_widens_levels" classname="TestLevelCalculatorUp" runstate="Runnable" seed="1" result="Passed" label="" start-time="2026-02-16 15:26:54.209369" end-time="2026-02-16 15:26:54.209481" duration="0.000112" asserts="0"><properties><property name="python-version" value="3.13.9 (v3.13.9:8183fa5e3f7, Oct 14 2025, 10:27:13) [Clang 16.0.0 (clang-1600.0.26.6)]" /><property name="fspath" value="tests/test_level_calculator.py" /></properties><environment framework-version="3.6.2" clr-version="3.13.9 (v3.13.9:8183fa5e3f7, Oct 14 2025, 10:27:13) [Clang 16.0.0 (clang-1600.0.26.6)]" os-version="25.2.0" platform="Darwin" cwd="/Users/arunachalam/smartai/AIStockAnalyst" machine-name="arm64" user="" user-domain="" culture="C" uiculture="C" os-architecture="64bit" /><failure><message><![CDATA[]]></message><stack-trace><![CDATA[None]]></stack-trace></failure><reason><message><![CDATA[]]></message></reason><output><![CDATA[]]></output></test-case><test-case id="124" name="tests/test_level_calculator.py::TestLevelCalculatorUp::test_extreme_vix" fullname="tests/test_level_calculator.py::TestLevelCalculatorUp::test_extreme_vix" methodname="test_extreme_vix" classname="TestLevelCalculatorUp" runstate="Runnable" seed="1" result="Passed" label="" start-time="2026-02-16 15:26:54.209579" end-time="2026-02-16 15:26:54.209688" duration="0.000109" asserts="0"><properties><property name="python-version" value="3.13.9 (v3.13.9:8183fa5e3f7, Oct 14 2025, 10:27:13) [Clang 16.0.0 (clang-1600.0.26.6)]" /><property name="fspath" value="tests/test_level_calculator.py" /></properties><environment framework-version="3.6.2" clr-version="3.13.9 (v3.13.9:8183fa5e3f7, Oct 14 2025, 10:27:13) [Clang 16.0.0 (clang-1600.0.26.6)]" os-version="25.2.0" platform="Darwin" cwd="/Users/arunachalam/smartai/AIStockAnalyst" machine-name="arm64" user="" user-domain="" culture="C" uiculture="C" os-architecture="64bit" /><failure><message><![CDATA[]]></message><stack-trace><![CDATA[None]]></stack-trace></failure><reason><message><![CDATA[]]></message></reason><output><![CDATA[]]></output></test-case><test-case id="125" name="tests/test_level_calculator.py::TestLevelCalculatorUp::test_vix_multiplier_default" fullname="tests/test_level_calculator.py::TestLevelCalculatorUp::test_vix_multiplier_default" methodname="test_vix_multiplier_default" classname="TestLevelCalculatorUp" runstate="Runnable" seed="1" result="Passed" label="" start-time="2026-02-16 15:26:54.209785" end-time="2026-02-16 15:26:54.209893" duration="0.000108" asserts="0"><properties><property name="python-version" value="3.13.9 (v3.13.9:8183fa5e3f7, Oct 14 2025, 10:27:13) [Clang 16.0.0 (clang-1600.0.26.6)]" /><property name="fspath" value="tests/test_level_calculator.py" /></properties><environment framework-version="3.6.2" clr-version="3.13.9 (v3.13.9:8183fa5e3f7, Oct 14 2025, 10:27:13) [Clang 16.0.0 (clang-1600.0.26.6)]" os-version="25.2.0" platform="Darwin" cwd="/Users/arunachalam/smartai/AIStockAnalyst" machine-name="arm64" user="" user-domain="" culture="C" uiculture="C" os-architecture="64bit" /><failure><message><![CDATA[]]></message><stack-trace><![CDATA[None]]></stack-trace></failure><reason><message><![CDATA[]]></message></reason><output><![CDATA[]]></output></test-case><environment framework-version="3.6.2" clr-version="3.13.9 (v3.13.9:8183fa5e3f7, Oct 14 2025, 10:27:13) [Clang 16.0.0 (clang-1600.0.26.6)]" os-version="25.2.0" platform="Darwin" cwd="/Users/arunachalam/smartai/AIStockAnalyst" machine-name="arm64" user="" user-domain="" culture="C" uiculture="C" os-architecture="64bit" /></test-suite><test-suite id="tests/test_provenance.py::TestProvenanceTracker" name="tests/test_provenance.py::TestProvenanceTracker" fullname="tests/test_provenance.py::TestProvenanceTracker" methodname="" classname="" runstate="Runnable" type="Assembly" testcasecount="4" result="Passed" label="" start-time="2026-02-16 15:26:54.214891" end-time="2026-02-16 15:26:54.215892" duration="0.001001" asserts="0" total="4" passed="4" failed="0" warnings="0" inconclusive="0" skipped="0"><properties><property name="python_version" value="3.13.9 (v3.13.9:8183fa5e3f7, Oct 14 2025, 10:27:13) [Clang 16.0.0 (clang-1600.0.26.6)]" /></properties><test-case id="148" name="tests/test_provenance.py::TestProvenanceTracker::test_create_provenance_basic" fullname="tests/test_provenance.py::TestProvenanceTracker::test_create_provenance_basic" methodname="test_create_provenance_basic" classname="TestProvenanceTracker" runstate="Runnable" seed="1" result="Passed" label="" start-time="2026-02-16 15:26:54.214891" end-time="2026-02-16 15:26:54.215008" duration="0.000117" asserts="0"><properties><property name="python-version" value="3.13.9 (v3.13.9:8183fa5e3f7, Oct 14 2025, 10:27:13) [Clang 16.0.0 (clang-1600.0.26.6)]" /><property name="fspath" value="tests/test_provenance.py" /></properties><environment framework-version="3.6.2" clr-version="3.13.9 (v3.13.9:8183fa5e3f7, Oct 14 2025, 10:27:13) [Clang 16.0.0 (clang-1600.0.26.6)]" os-version="25.2.0" platform="Darwin" cwd="/Users/arunachalam/smartai/AIStockAnalyst" machine-name="arm64" user="" user-domain="" culture="C" uiculture="C" os-architecture="64bit" /><failure><message><![CDATA[]]></message><stack-trace><![CDATA[None]]></stack-trace></failure><reason><message><![CDATA[]]></message></reason><output><![CDATA[]]></output></test-case><test-case id="149" name="tests/test_provenance.py::TestProvenanceTracker::test_create_provenance_with_delta" fullname="tests/test_provenance.py::TestProvenanceTracker::test_create_provenance_with_delta" methodname="test_create_provenance_with_delta" classname="TestProvenanceTracker" runstate="Runnable" seed="1" result="Passed" label="" start-time="2026-02-16 15:26:54.215380" end-time="2026-02-16 15:26:54.215488" duration="0.000108" asserts="0"><properties><property name="python-version" value="3.13.9 (v3.13.9:8183fa5e3f7, Oct 14 2025, 10:27:13) [Clang 16.0.0 (clang-1600.0.26.6)]" /><property name="fspath" value="tests/test_provenance.py" /></properties><environment framework-version="3.6.2" clr-version="3.13.9 (v3.13.9:8183fa5e3f7, Oct 14 2025, 10:27:13) [Clang 16.0.0 (clang-1600.0.26.6)]" os-version="25.2.0" platform="Darwin" cwd="/Users/arunachalam/smartai/AIStockAnalyst" machine-name="arm64" user="" user-domain="" culture="C" uiculture="C" os-architecture="64bit" /><failure><message><![CDATA[]]></message><stack-trace><![CDATA[None]]></stack-trace></failure><reason><message><![CDATA[]]></message></reason><output><![CDATA[]]></output></test-case><test-case id="150" name="tests/test_provenance.py::TestProvenanceTracker::test_create_provenance_negative_delta" fullname="tests/test_provenance.py::TestProvenanceTracker::test_create_provenance_negative_delta" methodname="test_create_provenance_negative_delta" classname="TestProvenanceTracker" runstate="Runnable" seed="1" result="Passed" label="" start-time="2026-02-16 15:26:54.215574" end-time="2026-02-16 15:26:54.215677" duration="0.000103" asserts="0"><properties><property name="python-version" value="3.13.9 (v3.13.9:8183fa5e3f7, Oct 14 2025, 10:27:13) [Clang 16.0.0 (clang-1600.0.26.6)]" /><property name="fspath" value="tests/test_provenance.py" /></properties><environment framework-version="3.6.2" clr-version="3.13.9 (v3.13.9:8183fa5e3f7, Oct 14 2025, 10:27:13) [Clang 16.0.0 (clang-1600.0.26.6)]" os-version="25.2.0" platform="Darwin" cwd="/Users/arunachalam/smartai/AIStockAnalyst" machine-name="arm64" user="" user-domain="" culture="C" uiculture="C" os-architecture="64bit" /><failure><message><![CDATA[]]></message><stack-trace><![CDATA[None]]></stack-trace></failure><reason><message><![CDATA[]]></message></reason><output><![CDATA[]]></output></test-case><test-case id="151" name="tests/test_provenance.py::TestProvenanceTracker::test_provenance_keys" fullname="tests/test_provenance.py::TestProvenanceTracker::test_provenance_keys" methodname="test_provenance_keys" classname="TestProvenanceTracker" runstate="Runnable" seed="1" result="Passed" label="" start-time="2026-02-16 15:26:54.215762" end-time="2026-02-16 15:26:54.215892" duration="0.00013" asserts="0"><properties><property name="python-version" value="3.13.9 (v3.13.9:8183fa5e3f7, Oct 14 2025, 10:27:13) [Clang 16.0.0 (clang-1600.0.26.6)]" /><property name="fspath" value="tests/test_provenance.py" /></properties><environment framework-version="3.6.2" clr-version="3.13.9 (v3.13.9:8183fa5e3f7, Oct 14 2025, 10:27:13) [Clang 16.0.0 (clang-1600.0.26.6)]" os-version="25.2.0" platform="Darwin" cwd="/Users/arunachalam/smartai/AIStockAnalyst" machine-name="arm64" user="" user-domain="" culture="C" uiculture="C" os-architecture="64bit" /><failure><message><![CDATA[]]></message><stack-trace><![CDATA[None]]></stack-trace></failure><reason><message><![CDATA[]]></message></reason><output><![CDATA[]]></output></test-case><environment framework-version="3.6.2" clr-version="3.13.9 (v3.13.9:8183fa5e3f7, Oct 14 2025, 10:27:13) [Clang 16.0.0 (clang-1600.0.26.6)]" os-version="25.2.0" platform="Darwin" cwd="/Users/arunachalam/smartai/AIStockAnalyst" machine-name="arm64" user="" user-domain="" culture="C" uiculture="C" os-architecture="64bit" /></test-suite><test-suite id="tests/test_models.py::TestEnums" name="tests/test_models.py::TestEnums" fullname="tests/test_models.py::TestEnums" methodname="" classname="" runstate="Runnable" type="Assembly" testcasecount="4" result="Passed" label="" start-time="2026-02-16 15:26:54.212037" end-time="2026-02-16 15:26:54.212707" duration="0.00067" asserts="0" total="4" passed="4" failed="0" warnings="0" inconclusive="0" skipped="0"><properties><property name="python_version" value="3.13.9 (v3.13.9:8183fa5e3f7, Oct 14 2025, 10:27:13) [Clang 16.0.0 (clang-1600.0.26.6)]" /></properties><test-case id="134" name="tests/test_models.py::TestEnums::test_direction_values" fullname="tests/test_models.py::TestEnums::test_direction_values" methodname="test_direction_values" classname="TestEnums" runstate="Runnable" seed="1" result="Passed" label="" start-time="2026-02-16 15:26:54.212037" end-time="2026-02-16 15:26:54.212145" duration="0.000108" asserts="0"><properties><property name="python-version" value="3.13.9 (v3.13.9:8183fa5e3f7, Oct 14 2025, 10:27:13) [Clang 16.0.0 (clang-1600.0.26.6)]" /><property name="fspath" value="tests/test_models.py" /></properties><environment framework-version="3.6.2" clr-version="3.13.9 (v3.13.9:8183fa5e3f7, Oct 14 2025, 10:27:13) [Clang 16.0.0 (clang-1600.0.26.6)]" os-version="25.2.0" platform="Darwin" cwd="/Users/arunachalam/smartai/AIStockAnalyst" machine-name="arm64" user="" user-domain="" culture="C" uiculture="C" os-architecture="64bit" /><failure><message><![CDATA[]]></message><stack-trace><![CDATA[None]]></stack-trace></failure><reason><message><![CDATA[]]></message></reason><output><![CDATA[]]></output></test-case><test-case id="135" name="tests/test_models.py::TestEnums::test_market_regime_values" fullname="tests/test_models.py::TestEnums::test_market_regime_values" methodname="test_market_regime_values" classname="TestEnums" runstate="Runnable" seed="1" result="Passed" label="" start-time="2026-02-16 15:26:54.212227" end-time="2026-02-16 15:26:54.212331" duration="0.000104" asserts="0"><properties><property name="python-version" value="3.13.9 (v3.13.9:8183fa5e3f7, Oct 14 2025, 10:27:13) [Clang 16.0.0 (clang-1600.0.26.6)]" /><property name="fspath" value="tests/test_models.py" /></properties><environment framework-version="3.6.2" clr-version="3.13.9 (v3.13.9:8183fa5e3f7, Oct 14 2025, 10:27:13) [Clang 16.0.0 (clang-1600.0.26.6)]" os-version="25.2.0" platform="Darwin" cwd="/Users/arunachalam/smartai/AIStockAnalyst" machine-name="arm64" user="" user-domain="" culture="C" uiculture="C" os-architecture="64bit" /><failure><message><![CDATA[]]></message><stack-trace><![CDATA[None]]></stack-trace></failure><reason><message><![CDATA[]]></message></reason><output><![CDATA[]]></output></test-case><test-case id="136" name="tests/test_models.py::TestEnums::test_risk_tolerance_values" fullname="tests/test_models.py::TestEnums::test_risk_tolerance_values" methodname="test_risk_tolerance_values" classname="TestEnums" runstate="Runnable" seed="1" result="Passed" label="" start-time="2026-02-16 15:26:54.212407" end-time="2026-02-16 15:26:54.212515" duration="0.000108" asserts="0"><properties><property name="python-version" value="3.13.9 (v3.13.9:8183fa5e3f7, Oct 14 2025, 10:27:13) [Clang 16.0.0 (clang-1600.0.26.6)]" /><property name="fspath" value="tests/test_models.py" /></properties><environment framework-version="3.6.2" clr-version="3.13.9 (v3.13.9:8183fa5e3f7, Oct 14 2025, 10:27:13) [Clang 16.0.0 (clang-1600.0.26.6)]" os-version="25.2.0" platform="Darwin" cwd="/Users/arunachalam/smartai/AIStockAnalyst" machine-name="arm64" user="" user-domain="" culture="C" uiculture="C" os-architecture="64bit" /><failure><message><![CDATA[]]></message><stack-trace><![CDATA[None]]></stack-trace></failure><reason><message><![CDATA[]]></message></reason><output><![CDATA[]]></output></test-case><test-case id="137" name="tests/test_models.py::TestEnums::test_trade_status_values" fullname="tests/test_models.py::TestEnums::test_trade_status_values" methodname="test_trade_status_values" classname="TestEnums" runstate="Runnable" seed="1" result="Passed" label="" start-time="2026-02-16 15:26:54.212599" end-time="2026-02-16 15:26:54.212707" duration="0.000108" asserts="0"><properties><property name="python-version" value="3.13.9 (v3.13.9:8183fa5e3f7, Oct 14 2025, 10:27:13) [Clang 16.0.0 (clang-1600.0.26.6)]" /><property name="fspath" value="tests/test_models.py" /></properties><environment framework-version="3.6.2" clr-version="3.13.9 (v3.13.9:8183fa5e3f7, Oct 14 2025, 10:27:13) [Clang 16.0.0 (clang-1600.0.26.6)]" os-version="25.2.0" platform="Darwin" cwd="/Users/arunachalam/smartai/AIStockAnalyst" machine-name="arm64" user="" user-domain="" culture="C" uiculture="C" os-architecture="64bit" /><failure><message><![CDATA[]]></message><stack-trace><![CDATA[None]]></stack-trace></failure><reason><message><![CDATA[]]></message></reason><output><![CDATA[]]></output></test-case><environment framework-version="3.6.2" clr-version="3.13.9 (v3.13.9:8183fa5e3f7, Oct 14 2025, 10:27:13) [Clang 16.0.0 (clang-1600.0.26.6)]" os-version="25.2.0" platform="Darwin" cwd="/Users/arunachalam/smartai/AIStockAnalyst" machine-name="arm64" user="" user-domain="" culture="C" uiculture="C" os-architecture="64bit" /></test-suite><test-suite id="tests/test_models.py::TestTradeModel" name="tests/test_models.py::TestTradeModel" fullname="tests/test_models.py::TestTradeModel" methodname="" classname="" runstate="Runnable" type="Assembly" testcasecount="2" result="Passed" label="" start-time="2026-02-16 15:26:54.213981" end-time="2026-02-16 15:26:54.214412" duration="0.000431" asserts="0" total="2" passed="2" failed="0" warnings="0" inconclusive="0" skipped="0"><properties><property name="python_version" value="3.13.9 (v3.13.9:8183fa5e3f7, Oct 14 2025, 10:27:13) [Clang 16.0.0 (clang-1600.0.26.6)]" /></properties><test-case id="144" name="tests/test_models.py::TestTradeModel::test_trade_creation" fullname="tests/test_models.py::TestTradeModel::test_trade_creation" methodname="test_trade_creation" classname="TestTradeModel" runstate="Runnable" seed="1" result="Passed" label="" start-time="2026-02-16 15:26:54.213981" end-time="2026-02-16 15:26:54.214226" duration="0.000245" asserts="0"><properties><property name="python-version" value="3.13.9 (v3.13.9:8183fa5e3f7, Oct 14 2025, 10:27:13) [Clang 16.0.0 (clang-1600.0.26.6)]" /><property name="fspath" value="tests/test_models.py" /></properties><environment framework-version="3.6.2" clr-version="3.13.9 (v3.13.9:8183fa5e3f7, Oct 14 2025, 10:27:13) [Clang 16.0.0 (clang-1600.0.26.6)]" os-version="25.2.0" platform="Darwin" cwd="/Users/arunachalam/smartai/AIStockAnalyst" machine-name="arm64" user="" user-domain="" culture="C" uiculture="C" os-architecture="64bit" /><failure><message><![CDATA[]]></message><stack-trace><![CDATA[None]]></stack-trace></failure><reason><message><![CDATA[]]></message></reason><output><![CDATA[]]></output></test-case><test-case id="145" name="tests/test_models.py::TestTradeModel::test_trade_closed" fullname="tests/test_models.py::TestTradeModel::test_trade_closed" methodname="test_trade_closed" classname="TestTradeModel" runstate="Runnable" seed="1" result="Passed" label="" start-time="2026-02-16 15:26:54.214307" end-time="2026-02-16 15:26:54.214412" duration="0.000105" asserts="0"><properties><property name="python-version" value="3.13.9 (v3.13.9:8183fa5e3f7, Oct 14 2025, 10:27:13) [Clang 16.0.0 (clang-1600.0.26.6)]" /><property name="fspath" value="tests/test_models.py" /></properties><environment framework-version="3.6.2" clr-version="3.13.9 (v3.13.9:8183fa5e3f7, Oct 14 2025, 10:27:13) [Clang 16.0.0 (clang-1600.0.26.6)]" os-version="25.2.0" platform="Darwin" cwd="/Users/arunachalam/smartai/AIStockAnalyst" machine-name="arm64" user="" user-domain="" culture="C" uiculture="C" os-architecture="64bit" /><failure><message><![CDATA[]]></message><stack-trace><![CDATA[None]]></stack-trace></failure><reason><message><![CDATA[]]></message></reason><output><![CDATA[]]></output></test-case><environment framework-version="3.6.2" clr-version="3.13.9 (v3.13.9:8183fa5e3f7, Oct 14 2025, 10:27:13) [Clang 16.0.0 (clang-1600.0.26.6)]" os-version="25.2.0" platform="Darwin" cwd="/Users/arunachalam/smartai/AIStockAnalyst" machine-name="arm64" user="" user-domain="" culture="C" uiculture="C" os-architecture="64bit" /></test-suite><test-suite id="tests/test_models.py::TestUserModels" name="tests/test_models.py::TestUserModels" fullname="tests/test_models.py::TestUserModels" methodname="" classname="" runstate="Runnable" type="Assembly" testcasecount="3" result="Passed" label="" start-time="2026-02-16 15:26:54.213397" end-time="2026-02-16 15:26:54.213900" duration="0.000503" asserts="0" total="3" passed="3" failed="0" warnings="0" inconclusive="0" skipped="0"><properties><property name="python_version" value="3.13.9 (v3.13.9:8183fa5e3f7, Oct 14 2025, 10:27:13) [Clang 16.0.0 (clang-1600.0.26.6)]" /></properties><test-case id="141" name="tests/test_models.py::TestUserModels::test_default_preferences" fullname="tests/test_models.py::TestUserModels::test_default_preferences" methodname="test_default_preferences" classname="TestUserModels" runstate="Runnable" seed="1" result="Passed" label="" start-time="2026-02-16 15:26:54.213397" end-time="2026-02-16 15:26:54.213508" duration="0.000111" asserts="0"><properties><property name="python-version" value="3.13.9 (v3.13.9:8183fa5e3f7, Oct 14 2025, 10:27:13) [Clang 16.0.0 (clang-1600.0.26.6)]" /><property name="fspath" value="tests/test_models.py" /></properties><environment framework-version="3.6.2" clr-version="3.13.9 (v3.13.9:8183fa5e3f7, Oct 14 2025, 10:27:13) [Clang 16.0.0 (clang-1600.0.26.6)]" os-version="25.2.0" platform="Darwin" cwd="/Users/arunachalam/smartai/AIStockAnalyst" machine-name="arm64" user="" user-domain="" culture="C" uiculture="C" os-architecture="64bit" /><failure><message><![CDATA[]]></message><stack-trace><![CDATA[None]]></stack-trace></failure><reason><message><![CDATA[]]></message></reason><output><![CDATA[]]></output></test-case><test-case id="142" name="tests/test_models.py::TestUserModels::test_user_profile_defaults" fullname="tests/test_models.py::TestUserModels::test_user_profile_defaults" methodname="test_user_profile_defaults" classname="TestUserModels" runstate="Runnable" seed="1" result="Passed" label="" start-time="2026-02-16 15:26:54.213587" end-time="2026-02-16 15:26:54.213709" duration="0.000122" asserts="0"><properties><property name="python-version" value="3.13.9 (v3.13.9:8183fa5e3f7, Oct 14 2025, 10:27:13) [Clang 16.0.0 (clang-1600.0.26.6)]" /><property name="fspath" value="tests/test_models.py" /></properties><environment framework-version="3.6.2" clr-version="3.13.9 (v3.13.9:8183fa5e3f7, Oct 14 2025, 10:27:13) [Clang 16.0.0 (clang-1600.0.26.6)]" os-version="25.2.0" platform="Darwin" cwd="/Users/arunachalam/smartai/AIStockAnalyst" machine-name="arm64" user="" user-domain="" culture="C" uiculture="C" os-architecture="64bit" /><failure><message><![CDATA[]]></message><stack-trace><![CDATA[None]]></stack-trace></failure><reason><message><![CDATA[]]></message></reason><output><![CDATA[]]></output></test-case><test-case id="143" name="tests/test_models.py::TestUserModels::test_user_profile_admin" fullname="tests/test_models.py::TestUserModels::test_user_profile_admin" methodname="test_user_profile_admin" classname="TestUserModels" runstate="Runnable" seed="1" result="Passed" label="" start-time="2026-02-16 15:26:54.213788" end-time="2026-02-16 15:26:54.213900" duration="0.000112" asserts="0"><properties><property name="python-version" value="3.13.9 (v3.13.9:8183fa5e3f7, Oct 14 2025, 10:27:13) [Clang 16.0.0 (clang-1600.0.26.6)]" /><property name="fspath" value="tests/test_models.py" /></properties><environment framework-version="3.6.2" clr-version="3.13.9 (v3.13.9:8183fa5e3f7, Oct 14 2025, 10:27:13) [Clang 16.0.0 (clang-1600.0.26.6)]" os-version="25.2.0" platform="Darwin" cwd="/Users/arunachalam/smartai/AIStockAnalyst" machine-name="arm64" user="" user-domain="" culture="C" uiculture="C" os-architecture="64bit" /><failure><message><![CDATA[]]></message><stack-trace><![CDATA[None]]></stack-trace></failure><reason><message><![CDATA[]]></message></reason><output><![CDATA[]]></output></test-case><environment framework-version="3.6.2" clr-version="3.13.9 (v3.13.9:8183fa5e3f7, Oct 14 2025, 10:27:13) [Clang 16.0.0 (clang-1600.0.26.6)]" os-version="25.2.0" platform="Darwin" cwd="/Users/arunachalam/smartai/AIStockAnalyst" machine-name="arm64" user="" user-domain="" culture="C" uiculture="C" os-architecture="64bit" /></test-suite></test-run>